app/build/intermediates/manifest_merge_blame_file/debug/manifest-merger-blame-debug-report.txt
1<?xml version="1.0" encoding="utf-8"?>
2<manifest xmlns:android="http://schemas.android.com/apk/res/android"
3    package="com.mohamedmoanes.photoweather"
4    android:versionCode="1"
5    android:versionName="1.0" >
6
7    <uses-sdk
8        android:minSdkVersion="21"
8-->src\main\AndroidManifest.xml
9        android:targetSdkVersion="29" />
9-->src\main\AndroidManifest.xml
10
11    <uses-permission android:name="android.permission.INTERNET" />
11-->src\main\AndroidManifest.xml:5:5-67
11-->src\main\AndroidManifest.xml:5:22-64
12    <uses-permission android:name="android.permission.READ_EXTERNAL_STORAGE" />
12-->src\main\AndroidManifest.xml:6:5-80
12-->src\main\AndroidManifest.xml:6:22-77
13    <uses-permission android:name="android.permission.WRITE_EXTERNAL_STORAGE" />
13-->src\main\AndroidManifest.xml:7:5-81
13-->src\main\AndroidManifest.xml:7:22-78
14    <uses-permission android:name="android.permission.CAMERA" />
14-->src\main\AndroidManifest.xml:8:5-65
14-->src\main\AndroidManifest.xml:8:22-62
15    <uses-permission android:name="android.permission.ACCESS_FINE_LOCATION" />
15-->src\main\AndroidManifest.xml:9:5-79
15-->src\main\AndroidManifest.xml:9:22-76
16    <uses-permission android:name="android.permission.ACCESS_COARSE_LOCATION" />
16-->src\main\AndroidManifest.xml:10:5-81
16-->src\main\AndroidManifest.xml:10:22-78
17
18    <uses-feature android:name="android.hardware.camera" />
18-->src\main\AndroidManifest.xml:12:5-60
18-->src\main\AndroidManifest.xml:12:19-57
19
20    <!-- fixme remove warnings -->
21    <application
21-->src\main\AndroidManifest.xml:14:5-36:19
22        android:name="com.mohamedmoanes.photoweather.app.PhotoWeatherApplication"
22-->src\main\AndroidManifest.xml:15:9-52
23        android:allowBackup="true"
23-->src\main\AndroidManifest.xml:16:9-35
24        android:appComponentFactory="androidx.core.app.CoreComponentFactory"
24-->[androidx.core:core:1.1.0] AndroidManifest.xml:24:18-86
25        android:debuggable="true"
26        android:icon="@mipmap/ic_launcher"
26-->src\main\AndroidManifest.xml:17:9-43
27        android:label="@string/app_name"
27-->src\main\AndroidManifest.xml:18:9-41
28        android:roundIcon="@mipmap/ic_launcher_round"
28-->src\main\AndroidManifest.xml:19:9-54
29        android:supportsRtl="true"
29-->src\main\AndroidManifest.xml:20:9-35
30        android:testOnly="true"
31        android:theme="@style/AppTheme"
31-->src\main\AndroidManifest.xml:21:9-40
32        android:usesCleartextTraffic="true" >
32-->src\main\AndroidManifest.xml:22:9-44
33        <activity android:name="com.mohamedmoanes.photoweather.ui.SplashActivity" >
33-->src\main\AndroidManifest.xml:23:9-29:20
33-->src\main\AndroidManifest.xml:23:19-52
34            <intent-filter>
34-->src\main\AndroidManifest.xml:24:13-28:29
35                <action android:name="android.intent.action.MAIN" />
35-->src\main\AndroidManifest.xml:25:17-69
35-->src\main\AndroidManifest.xml:25:25-66
36
37                <category android:name="android.intent.category.LAUNCHER" />
37-->src\main\AndroidManifest.xml:27:17-77
37-->src\main\AndroidManifest.xml:27:27-74
38            </intent-filter>
39        </activity>
40        <activity android:name="com.mohamedmoanes.photoweather.ui.ImageViewerActivity" />
40-->src\main\AndroidManifest.xml:30:9-60
40-->src\main\AndroidManifest.xml:30:19-57
41        <activity android:name="com.mohamedmoanes.photoweather.ui.gallery.GalleryActivity" />
41-->src\main\AndroidManifest.xml:31:9-64
41-->src\main\AndroidManifest.xml:31:19-61
42        <activity
42-->src\main\AndroidManifest.xml:32:9-34:48
43            android:name="com.mohamedmoanes.photoweather.ui.camera.CameraViewActivity"
43-->src\main\AndroidManifest.xml:33:13-57
44            android:label="@string/app_name" />
44-->src\main\AndroidManifest.xml:34:13-45
45        <activity
45-->[com.google.android.gms:play-services-base:17.0.0] AndroidManifest.xml:23:9-26:75
46            android:name="com.google.android.gms.common.api.GoogleApiActivity"
46-->[com.google.android.gms:play-services-base:17.0.0] AndroidManifest.xml:24:13-79
47            android:exported="false"
47-->[com.google.android.gms:play-services-base:17.0.0] AndroidManifest.xml:25:13-37
48            android:theme="@android:style/Theme.Translucent.NoTitleBar" />
48-->[com.google.android.gms:play-services-base:17.0.0] AndroidManifest.xml:26:13-72
49
50        <meta-data
50-->[com.google.android.gms:play-services-basement:17.0.0] AndroidManifest.xml:23:9-25:69
51            android:name="com.google.android.gms.version"
51-->[com.google.android.gms:play-services-basement:17.0.0] AndroidManifest.xml:24:13-58
52            android:value="@integer/google_play_services_version" />
52-->[com.google.android.gms:play-services-basement:17.0.0] AndroidManifest.xml:25:13-66
53    </application>
54
55</manifest>